[2023-01-06 14:32:42,000] [log.py|__console] [line:45] INFO    : 当前执行   买家原料下单    
[2023-01-06 14:32:50,741] [log.py|__console] [line:45] INFO    : 在买家首页点击登录按钮
[2023-01-06 14:32:51,486] [log.py|__console] [line:45] INFO    : 输入登录手机号: 13328798899
[2023-01-06 14:32:52,553] [log.py|__console] [line:45] INFO    : 点击验证码按钮
[2023-01-06 14:32:53,654] [log.py|__console] [line:45] INFO    : 点击登录
[2023-01-06 14:32:54,446] [log.py|__console] [line:45] INFO    : 比较后登录前输入手机号 :13328798899  与登录后一致 :金塑宝欢迎您！ 13328798899退出
[2023-01-06 14:32:58,783] [log.py|__console] [line:45] INFO    : 定位新标签
[2023-01-06 14:33:00,940] [log.py|__console] [line:45] INFO    : 进行自提方式_款到发货
[2023-01-06 14:33:02,391] [log.py|__console] [line:45] INFO    : 金额判断一致  _________ 实付款  30000.00 == 单价  10000.00 * 数量  3
[2023-01-06 14:33:06,919] [log.py|__console] [line:45] INFO    : 订单提交成功
[2023-01-06 14:33:07,140] [log.py|__console] [line:45] INFO    : 下单完毕
[2023-01-06 14:33:07,141] [log.py|__console] [line:45] INFO    : 进行买卖家签署支付发货收货
[2023-01-06 14:33:07,142] [log.py|__console] [line:45] INFO    : ------------------------------------------------
[2023-01-06 14:33:07,143] [log.py|__console] [line:45] INFO    : 进入卖家生成签署合同
[2023-01-06 14:33:08,736] [log.py|__console] [line:45] INFO    : 当前界面标题是否正常 断言判断一致
[2023-01-06 14:33:12,810] [log.py|__console] [line:45] INFO    : 卖家登录信息:   _____注册账号65180子用户
[2023-01-06 14:33:15,493] [log.py|__console] [line:45] INFO    : 进入卖家   ____order_contract________子菜单_____order_list
[2023-01-06 14:33:17,848] [log.py|__console] [line:45] INFO    : 进入合同签署
[2023-01-06 14:33:31,017] [log.py|__console] [line:45] INFO    : 退出签署中
[2023-01-06 14:33:32,030] [log.py|__console] [line:45] INFO    : 签署成功
[2023-01-06 14:33:32,244] [log.py|__console] [line:45] INFO    : ------------------------------------------------
[2023-01-06 14:33:32,246] [log.py|__console] [line:45] INFO    : 进入买家签署合同并支付
[2023-01-06 14:33:32,325] [log.py|__console] [line:45] INFO    : 进行买家合同签署
[2023-01-06 14:33:34,858] [log.py|__console] [line:45] INFO    : 进入合同签署
[2023-01-06 14:33:47,553] [log.py|__console] [line:45] INFO    : 退出签署中
[2023-01-06 14:33:48,570] [log.py|__console] [line:45] INFO    : 签署成功
[2023-01-06 14:33:49,770] [log.py|__console] [line:45] INFO    : 进行买家订单支付
[2023-01-06 14:33:53,587] [log.py|__console] [line:45] INFO    : 进行自提信息填写
[2023-01-06 14:33:53,588] [log.py|__console] [line:45] INFO    : 进入一单多提
[2023-01-06 14:33:53,588] [log.py|__console] [line:45] INFO    : 进入买家一单多提
[2023-01-06 14:33:53,613] [log.py|__console] [line:45] INFO    : 1
[2023-01-06 14:34:00,954] [log.py|__console] [line:45] INFO    : 合同进入签署
[2023-01-06 14:34:13,259] [log.py|__console] [line:45] INFO    : 退出签署中
[2023-01-06 14:34:14,263] [log.py|__console] [line:45] INFO    : 签署成功
[2023-01-06 14:34:14,265] [log.py|__console] [line:45] INFO    : 当前新增提货单: 1
[2023-01-06 14:34:14,270] [log.py|__console] [line:45] INFO    : 2
[2023-01-06 14:34:19,145] [log.py|__console] [line:45] INFO    : 合同进入签署
[2023-01-06 14:34:30,970] [log.py|__console] [line:45] INFO    : 退出签署中
[2023-01-06 14:34:31,974] [log.py|__console] [line:45] INFO    : 签署成功
[2023-01-06 14:34:31,976] [log.py|__console] [line:45] INFO    : 当前新增提货单: 2
[2023-01-06 14:34:31,978] [log.py|__console] [line:45] INFO    : 3
[2023-01-06 14:34:36,798] [log.py|__console] [line:45] INFO    : 合同进入签署
[2023-01-06 14:34:48,596] [log.py|__console] [line:45] INFO    : 退出签署中
[2023-01-06 14:34:49,612] [log.py|__console] [line:45] INFO    : 签署成功
[2023-01-06 14:34:49,614] [log.py|__console] [line:45] INFO    : 当前新增提货单: 3
[2023-01-06 14:34:49,620] [log.py|__console] [line:45] INFO    : 4
[2023-01-06 14:34:54,506] [log.py|__console] [line:45] INFO    : 合同进入签署
[2023-01-06 14:35:06,402] [log.py|__console] [line:45] INFO    : 退出签署中
[2023-01-06 14:35:07,404] [log.py|__console] [line:45] INFO    : 签署成功
[2023-01-06 14:35:07,405] [log.py|__console] [line:45] INFO    : 当前新增提货单: 4
[2023-01-06 14:35:07,405] [log.py|__console] [line:45] INFO    : 5
[2023-01-06 14:35:12,146] [log.py|__console] [line:45] INFO    : 合同进入签署
[2023-01-06 14:35:23,956] [log.py|__console] [line:45] INFO    : 退出签署中
[2023-01-06 14:35:24,973] [log.py|__console] [line:45] INFO    : 签署成功
[2023-01-06 14:35:24,975] [log.py|__console] [line:45] INFO    : 当前新增提货单: 5
[2023-01-06 14:35:24,977] [log.py|__console] [line:45] INFO    : 6
[2023-01-06 14:35:29,778] [log.py|__console] [line:45] INFO    : 合同进入签署
[2023-01-06 14:35:41,689] [log.py|__console] [line:45] INFO    : 退出签署中
[2023-01-06 14:35:42,702] [log.py|__console] [line:45] INFO    : 签署成功
[2023-01-06 14:35:42,705] [log.py|__console] [line:45] INFO    : 当前新增提货单: 6
[2023-01-06 14:35:42,707] [log.py|__console] [line:45] INFO    : 7
[2023-01-06 14:35:47,475] [log.py|__console] [line:45] INFO    : 合同进入签署
[2023-01-06 14:35:59,264] [log.py|__console] [line:45] INFO    : 退出签署中
[2023-01-06 14:36:00,278] [log.py|__console] [line:45] INFO    : 签署成功
[2023-01-06 14:36:00,279] [log.py|__console] [line:45] INFO    : 当前新增提货单: 7
[2023-01-06 14:36:00,280] [log.py|__console] [line:45] INFO    : 8
[2023-01-06 14:36:04,942] [log.py|__console] [line:45] INFO    : 合同进入签署
[2023-01-06 14:36:16,739] [log.py|__console] [line:45] INFO    : 退出签署中
[2023-01-06 14:36:17,756] [log.py|__console] [line:45] INFO    : 签署成功
[2023-01-06 14:36:17,758] [log.py|__console] [line:45] INFO    : 当前新增提货单: 8
[2023-01-06 14:36:17,760] [log.py|__console] [line:45] INFO    : 9
[2023-01-06 14:36:22,260] [log.py|__console] [line:45] INFO    : 合同进入签署
[2023-01-06 14:36:46,251] [log.py|__console] [line:45] INFO    : 退出签署中
[2023-01-06 14:36:47,264] [log.py|__console] [line:45] INFO    : 签署成功
[2023-01-06 14:36:47,264] [log.py|__console] [line:45] INFO    : 当前新增提货单: 9
[2023-01-06 14:36:47,265] [log.py|__console] [line:45] INFO    : 新增提货单完毕 已新增:9
[2023-01-06 14:36:47,482] [log.py|__console] [line:45] INFO    : ------------------------------------------------
[2023-01-06 14:36:47,484] [log.py|__console] [line:45] INFO    : 进入卖家发货
[2023-01-06 14:36:47,578] [log.py|__console] [line:45] INFO    : 进行一单多发
[2023-01-06 14:36:47,579] [log.py|__console] [line:45] INFO    : 进入卖家一单多发
[2023-01-06 14:36:50,236] [log.py|__console] [line:45] INFO    : 进入合同签署
[2023-01-06 14:37:02,803] [log.py|__console] [line:45] INFO    : 退出签署中
[2023-01-06 14:37:03,814] [log.py|__console] [line:45] INFO    : 签署成功
[2023-01-06 14:37:03,816] [log.py|__console] [line:45] INFO    : 当前交货单数为:1
[2023-01-06 14:37:04,378] [log.py|__console] [line:45] INFO    : 进入合同签署
[2023-01-06 14:37:16,847] [log.py|__console] [line:45] INFO    : 退出签署中
[2023-01-06 14:37:17,858] [log.py|__console] [line:45] INFO    : 签署成功
[2023-01-06 14:37:17,861] [log.py|__console] [line:45] INFO    : 当前交货单数为:2
[2023-01-06 14:37:19,480] [log.py|__console] [line:45] INFO    : 进入合同签署
[2023-01-06 14:37:31,963] [log.py|__console] [line:45] INFO    : 退出签署中
[2023-01-06 14:37:32,968] [log.py|__console] [line:45] INFO    : 签署成功
[2023-01-06 14:37:32,969] [log.py|__console] [line:45] INFO    : 当前交货单数为:3
[2023-01-06 14:37:33,356] [log.py|__console] [line:45] INFO    : 进入合同签署
[2023-01-06 14:37:45,974] [log.py|__console] [line:45] INFO    : 退出签署中
[2023-01-06 14:37:46,974] [log.py|__console] [line:45] INFO    : 签署成功
[2023-01-06 14:37:46,975] [log.py|__console] [line:45] INFO    : 当前交货单数为:4
[2023-01-06 14:37:47,462] [log.py|__console] [line:45] INFO    : 进入合同签署
[2023-01-06 14:37:59,927] [log.py|__console] [line:45] INFO    : 退出签署中
[2023-01-06 14:38:00,933] [log.py|__console] [line:45] INFO    : 签署成功
[2023-01-06 14:38:00,934] [log.py|__console] [line:45] INFO    : 当前交货单数为:5
[2023-01-06 14:38:01,479] [log.py|__console] [line:45] INFO    : 进入合同签署
[2023-01-06 14:38:14,139] [log.py|__console] [line:45] INFO    : 退出签署中
[2023-01-06 14:38:15,144] [log.py|__console] [line:45] INFO    : 签署成功
[2023-01-06 14:38:15,144] [log.py|__console] [line:45] INFO    : 当前交货单数为:6
[2023-01-06 14:38:15,623] [log.py|__console] [line:45] INFO    : 进入合同签署
[2023-01-06 14:38:28,104] [log.py|__console] [line:45] INFO    : 退出签署中
[2023-01-06 14:38:29,106] [log.py|__console] [line:45] INFO    : 签署成功
[2023-01-06 14:38:29,108] [log.py|__console] [line:45] INFO    : 当前交货单数为:7
[2023-01-06 14:38:29,582] [log.py|__console] [line:45] INFO    : 进入合同签署
[2023-01-06 14:38:42,138] [log.py|__console] [line:45] INFO    : 退出签署中
[2023-01-06 14:38:43,146] [log.py|__console] [line:45] INFO    : 签署成功
[2023-01-06 14:38:43,147] [log.py|__console] [line:45] INFO    : 当前交货单数为:8
[2023-01-06 14:38:43,664] [log.py|__console] [line:45] INFO    : 进入合同签署
[2023-01-06 14:38:56,152] [log.py|__console] [line:45] INFO    : 退出签署中
[2023-01-06 14:38:57,159] [log.py|__console] [line:45] INFO    : 签署成功
[2023-01-06 14:38:57,160] [log.py|__console] [line:45] INFO    : 当前交货单数为:9
[2023-01-06 14:38:57,160] [log.py|__console] [line:45] INFO    : 交货完毕  已交货单数:9
[2023-01-06 14:38:57,364] [log.py|__console] [line:45] INFO    : ------------------------------------------------
[2023-01-06 14:38:57,364] [log.py|__console] [line:45] INFO    : 进入买家收货
[2023-01-06 14:38:57,958] [log.py|__console] [line:45] INFO    : 进行多订单收货
[2023-01-06 14:38:57,959] [log.py|__console] [line:45] INFO    : 进入买家多发收货
[2023-01-06 14:39:01,050] [log.py|__console] [line:45] INFO    : 进入合同签署
[2023-01-06 14:39:13,480] [log.py|__console] [line:45] INFO    : 退出签署中
[2023-01-06 14:39:14,493] [log.py|__console] [line:45] INFO    : 签署成功
[2023-01-06 14:39:14,712] [log.py|__console] [line:45] INFO    : 当前收货单数:1
[2023-01-06 14:39:15,261] [log.py|__console] [line:45] INFO    : 进入合同签署
[2023-01-06 14:39:27,708] [log.py|__console] [line:45] INFO    : 退出签署中
[2023-01-06 14:39:28,724] [log.py|__console] [line:45] INFO    : 签署成功
[2023-01-06 14:39:28,941] [log.py|__console] [line:45] INFO    : 当前收货单数:2
[2023-01-06 14:39:29,510] [log.py|__console] [line:45] INFO    : 进入合同签署
[2023-01-06 14:39:41,925] [log.py|__console] [line:45] INFO    : 退出签署中
[2023-01-06 14:39:42,930] [log.py|__console] [line:45] INFO    : 签署成功
[2023-01-06 14:39:43,149] [log.py|__console] [line:45] INFO    : 当前收货单数:3
[2023-01-06 14:39:43,737] [log.py|__console] [line:45] INFO    : 进入合同签署
[2023-01-06 14:39:56,187] [log.py|__console] [line:45] INFO    : 退出签署中
[2023-01-06 14:39:57,205] [log.py|__console] [line:45] INFO    : 签署成功
[2023-01-06 14:39:57,437] [log.py|__console] [line:45] INFO    : 当前收货单数:4
[2023-01-06 14:39:58,050] [log.py|__console] [line:45] INFO    : 进入合同签署
[2023-01-06 14:40:10,560] [log.py|__console] [line:45] INFO    : 退出签署中
[2023-01-06 14:40:11,572] [log.py|__console] [line:45] INFO    : 签署成功
[2023-01-06 14:40:11,803] [log.py|__console] [line:45] INFO    : 当前收货单数:5
[2023-01-06 14:40:12,542] [log.py|__console] [line:45] INFO    : 进入合同签署
[2023-01-06 14:40:25,082] [log.py|__console] [line:45] INFO    : 退出签署中
[2023-01-06 14:40:26,098] [log.py|__console] [line:45] INFO    : 签署成功
[2023-01-06 14:40:26,332] [log.py|__console] [line:45] INFO    : 当前收货单数:6
[2023-01-06 14:40:26,981] [log.py|__console] [line:45] INFO    : 进入合同签署
[2023-01-06 14:40:39,610] [log.py|__console] [line:45] INFO    : 退出签署中
[2023-01-06 14:40:40,614] [log.py|__console] [line:45] INFO    : 签署成功
[2023-01-06 14:40:40,846] [log.py|__console] [line:45] INFO    : 当前收货单数:7
[2023-01-06 14:40:41,509] [log.py|__console] [line:45] INFO    : 进入合同签署
[2023-01-06 14:40:54,076] [log.py|__console] [line:45] INFO    : 退出签署中
[2023-01-06 14:40:55,092] [log.py|__console] [line:45] INFO    : 签署成功
[2023-01-06 14:40:55,324] [log.py|__console] [line:45] INFO    : 当前收货单数:8
[2023-01-06 14:40:56,363] [log.py|__console] [line:45] INFO    : 进入合同签署
[2023-01-06 14:41:09,020] [log.py|__console] [line:45] INFO    : 退出签署中
[2023-01-06 14:41:10,036] [log.py|__console] [line:45] INFO    : 签署成功
[2023-01-06 14:41:10,269] [log.py|__console] [line:45] INFO    : 当前收货单数:9
[2023-01-06 14:41:10,300] [log.py|__console] [line:45] INFO    : 买家多提订单收货完毕  订单已完成
[2023-01-06 14:41:10,300] [log.py|__console] [line:45] INFO    : 买家多提收货结束
[2023-01-06 14:41:10,301] [log.py|__console] [line:45] INFO    : 当前下单次数 : 1  预计下单次数: 1
[2023-01-06 14:41:10,302] [log.py|__console] [line:45] INFO    : 开始时间: 2023-01-06 14:32:42
[2023-01-06 14:41:10,303] [log.py|__console] [line:45] INFO    : 结束时间: 2023-01-06 14:41:10
[2023-01-06 14:41:10,316] [log.py|__console] [line:45] INFO    : 共计使用时间: 0:08:28
