[2023-01-06 14:45:20,261] [log.py|__console] [line:45] INFO    : 当前执行   买家原料下单    
[2023-01-06 14:45:30,081] [log.py|__console] [line:45] INFO    : 在买家首页点击登录按钮
[2023-01-06 14:45:31,427] [log.py|__console] [line:45] INFO    : 输入登录手机号: 13328798899
[2023-01-06 14:45:32,489] [log.py|__console] [line:45] INFO    : 点击验证码按钮
[2023-01-06 14:45:33,619] [log.py|__console] [line:45] INFO    : 点击登录
[2023-01-06 14:45:34,686] [log.py|__console] [line:45] INFO    : 比较后登录前输入手机号 :13328798899  与登录后一致 :金塑宝欢迎您！ 13328798899退出
[2023-01-06 14:45:41,922] [log.py|__console] [line:45] INFO    : 定位新标签
[2023-01-06 14:45:51,106] [log.py|__console] [line:45] INFO    : 进行配送方式_款到发货
[2023-01-06 14:45:52,262] [log.py|__console] [line:45] INFO    : 金额判断一致  _________ 实付款  30000.00 == 单价  10000.00 * 数量  3
[2023-01-06 14:45:59,831] [log.py|__console] [line:45] INFO    : 订单提交成功
[2023-01-06 14:46:00,046] [log.py|__console] [line:45] INFO    : 下单完毕
[2023-01-06 14:46:00,047] [log.py|__console] [line:45] INFO    : 进行买卖家签署支付发货收货
[2023-01-06 14:46:00,047] [log.py|__console] [line:45] INFO    : ------------------------------------------------
[2023-01-06 14:46:00,048] [log.py|__console] [line:45] INFO    : 进入卖家生成签署合同
[2023-01-06 14:46:02,561] [log.py|__console] [line:45] INFO    : 当前界面标题是否正常 断言判断一致
[2023-01-06 14:46:06,887] [log.py|__console] [line:45] INFO    : 卖家登录信息:   _____注册账号65180子用户
[2023-01-06 14:46:09,635] [log.py|__console] [line:45] INFO    : 进入卖家   ____order_contract________子菜单_____order_list
[2023-01-06 14:46:11,858] [log.py|__console] [line:45] INFO    : 进入合同签署
[2023-01-06 14:46:25,079] [log.py|__console] [line:45] INFO    : 退出签署中
[2023-01-06 14:46:26,118] [log.py|__console] [line:45] INFO    : 签署成功
[2023-01-06 14:46:26,328] [log.py|__console] [line:45] INFO    : ------------------------------------------------
[2023-01-06 14:46:26,329] [log.py|__console] [line:45] INFO    : 进入买家签署合同并支付
[2023-01-06 14:46:26,546] [log.py|__console] [line:45] INFO    : 进行买家合同签署
[2023-01-06 14:46:29,777] [log.py|__console] [line:45] INFO    : 进入合同签署
[2023-01-06 14:46:42,598] [log.py|__console] [line:45] INFO    : 退出签署中
[2023-01-06 14:46:43,611] [log.py|__console] [line:45] INFO    : 签署成功
[2023-01-06 14:46:44,768] [log.py|__console] [line:45] INFO    : 进行买家订单支付
[2023-01-06 14:46:49,132] [log.py|__console] [line:45] INFO    : ------------------------------------------------
[2023-01-06 14:46:49,133] [log.py|__console] [line:45] INFO    : 进入卖家发货
[2023-01-06 14:46:49,454] [log.py|__console] [line:45] INFO    : 进行一单多发
[2023-01-06 14:46:49,455] [log.py|__console] [line:45] INFO    : 进入卖家一单多发
[2023-01-06 14:46:57,658] [log.py|__console] [line:45] INFO    : 进入合同签署
[2023-01-06 14:47:10,538] [log.py|__console] [line:45] INFO    : 退出签署中
[2023-01-06 14:47:11,542] [log.py|__console] [line:45] INFO    : 签署成功
[2023-01-06 14:47:11,560] [log.py|__console] [line:45] INFO    : 当前发货单数为:1    当前发货数量为:0.333
[2023-01-06 14:47:19,873] [log.py|__console] [line:45] INFO    : 进入合同签署
[2023-01-06 14:47:32,473] [log.py|__console] [line:45] INFO    : 退出签署中
[2023-01-06 14:47:33,476] [log.py|__console] [line:45] INFO    : 签署成功
[2023-01-06 14:47:33,492] [log.py|__console] [line:45] INFO    : 当前发货单数为:2    当前发货数量为:0.333
[2023-01-06 14:47:41,882] [log.py|__console] [line:45] INFO    : 进入合同签署
[2023-01-06 14:47:54,505] [log.py|__console] [line:45] INFO    : 退出签署中
[2023-01-06 14:47:55,509] [log.py|__console] [line:45] INFO    : 签署成功
[2023-01-06 14:47:55,513] [log.py|__console] [line:45] INFO    : 当前发货单数为:3    当前发货数量为:0.333
[2023-01-06 14:48:04,028] [log.py|__console] [line:45] INFO    : 进入合同签署
[2023-01-06 14:48:16,572] [log.py|__console] [line:45] INFO    : 退出签署中
[2023-01-06 14:48:17,586] [log.py|__console] [line:45] INFO    : 签署成功
[2023-01-06 14:48:17,589] [log.py|__console] [line:45] INFO    : 当前发货单数为:4    当前发货数量为:0.333
[2023-01-06 14:48:25,934] [log.py|__console] [line:45] INFO    : 进入合同签署
[2023-01-06 14:48:38,411] [log.py|__console] [line:45] INFO    : 退出签署中
[2023-01-06 14:48:39,424] [log.py|__console] [line:45] INFO    : 签署成功
[2023-01-06 14:48:39,427] [log.py|__console] [line:45] INFO    : 当前发货单数为:5    当前发货数量为:0.333
[2023-01-06 14:48:47,602] [log.py|__console] [line:45] INFO    : 进入合同签署
[2023-01-06 14:49:00,336] [log.py|__console] [line:45] INFO    : 退出签署中
[2023-01-06 14:49:01,351] [log.py|__console] [line:45] INFO    : 签署成功
[2023-01-06 14:49:01,355] [log.py|__console] [line:45] INFO    : 当前发货单数为:6    当前发货数量为:0.333
[2023-01-06 14:49:09,538] [log.py|__console] [line:45] INFO    : 进入合同签署
[2023-01-06 14:49:22,001] [log.py|__console] [line:45] INFO    : 退出签署中
[2023-01-06 14:49:23,015] [log.py|__console] [line:45] INFO    : 签署成功
[2023-01-06 14:49:23,020] [log.py|__console] [line:45] INFO    : 当前发货单数为:7    当前发货数量为:0.333
[2023-01-06 14:49:31,215] [log.py|__console] [line:45] INFO    : 进入合同签署
[2023-01-06 14:49:43,822] [log.py|__console] [line:45] INFO    : 退出签署中
[2023-01-06 14:49:44,838] [log.py|__console] [line:45] INFO    : 签署成功
[2023-01-06 14:49:44,844] [log.py|__console] [line:45] INFO    : 当前发货单数为:8    当前发货数量为:0.333
[2023-01-06 14:49:52,674] [log.py|__console] [line:45] INFO    : 进入合同签署
[2023-01-06 14:50:17,044] [log.py|__console] [line:45] INFO    : 退出签署中
[2023-01-06 14:50:18,056] [log.py|__console] [line:45] INFO    : 签署成功
[2023-01-06 14:50:18,063] [log.py|__console] [line:45] INFO    : 当前发货单数为:9    当前发货数量为:0.333
[2023-01-06 14:50:18,275] [log.py|__console] [line:45] INFO    : ------------------------------------------------
[2023-01-06 14:50:18,276] [log.py|__console] [line:45] INFO    : 进入买家收货
[2023-01-06 14:50:18,945] [log.py|__console] [line:45] INFO    : 进行多订单收货
[2023-01-06 14:50:18,977] [log.py|__console] [line:45] INFO    : 进入买家多发收货
[2023-01-06 14:50:23,182] [log.py|__console] [line:45] INFO    : 进入合同签署
[2023-01-06 14:50:37,297] [log.py|__console] [line:45] INFO    : 退出签署中
[2023-01-06 14:50:38,303] [log.py|__console] [line:45] INFO    : 签署成功
[2023-01-06 14:50:38,517] [log.py|__console] [line:45] INFO    : 当前收货单数:1
[2023-01-06 14:50:39,731] [log.py|__console] [line:45] INFO    : 进入合同签署
[2023-01-06 14:50:52,422] [log.py|__console] [line:45] INFO    : 退出签署中
[2023-01-06 14:50:53,425] [log.py|__console] [line:45] INFO    : 签署成功
[2023-01-06 14:50:53,644] [log.py|__console] [line:45] INFO    : 当前收货单数:2
[2023-01-06 14:50:54,580] [log.py|__console] [line:45] INFO    : 进入合同签署
[2023-01-06 14:51:07,025] [log.py|__console] [line:45] INFO    : 退出签署中
[2023-01-06 14:51:08,036] [log.py|__console] [line:45] INFO    : 签署成功
[2023-01-06 14:51:08,256] [log.py|__console] [line:45] INFO    : 当前收货单数:3
[2023-01-06 14:51:08,960] [log.py|__console] [line:45] INFO    : 进入合同签署
[2023-01-06 14:51:21,401] [log.py|__console] [line:45] INFO    : 退出签署中
[2023-01-06 14:51:22,416] [log.py|__console] [line:45] INFO    : 签署成功
[2023-01-06 14:51:22,633] [log.py|__console] [line:45] INFO    : 当前收货单数:4
[2023-01-06 14:51:23,582] [log.py|__console] [line:45] INFO    : 进入合同签署
[2023-01-06 14:51:36,095] [log.py|__console] [line:45] INFO    : 退出签署中
[2023-01-06 14:51:37,097] [log.py|__console] [line:45] INFO    : 签署成功
[2023-01-06 14:51:37,316] [log.py|__console] [line:45] INFO    : 当前收货单数:5
[2023-01-06 14:51:38,719] [log.py|__console] [line:45] INFO    : 进入合同签署
[2023-01-06 14:51:51,301] [log.py|__console] [line:45] INFO    : 退出签署中
[2023-01-06 14:51:52,318] [log.py|__console] [line:45] INFO    : 签署成功
[2023-01-06 14:51:52,538] [log.py|__console] [line:45] INFO    : 当前收货单数:6
[2023-01-06 14:51:54,284] [log.py|__console] [line:45] INFO    : 进入合同签署
[2023-01-06 14:52:07,462] [log.py|__console] [line:45] INFO    : 退出签署中
[2023-01-06 14:52:08,474] [log.py|__console] [line:45] INFO    : 签署成功
[2023-01-06 14:52:08,692] [log.py|__console] [line:45] INFO    : 当前收货单数:7
[2023-01-06 14:52:09,580] [log.py|__console] [line:45] INFO    : 进入合同签署
[2023-01-06 14:52:22,605] [log.py|__console] [line:45] INFO    : 退出签署中
[2023-01-06 14:52:23,617] [log.py|__console] [line:45] INFO    : 签署成功
[2023-01-06 14:52:23,834] [log.py|__console] [line:45] INFO    : 当前收货单数:8
[2023-01-06 14:52:25,511] [log.py|__console] [line:45] INFO    : 进入合同签署
[2023-01-06 14:52:38,397] [log.py|__console] [line:45] INFO    : 退出签署中
[2023-01-06 14:52:39,412] [log.py|__console] [line:45] INFO    : 签署成功
[2023-01-06 14:52:39,645] [log.py|__console] [line:45] INFO    : 当前收货单数:9
[2023-01-06 14:52:39,732] [log.py|__console] [line:45] INFO    : 买家多发订单收货完毕  订单已完成
[2023-01-06 14:52:39,733] [log.py|__console] [line:45] INFO    : 买家多发收货结束
[2023-01-06 14:52:39,736] [log.py|__console] [line:45] INFO    : 当前下单次数 : 1  预计下单次数: 1
[2023-01-06 14:52:39,738] [log.py|__console] [line:45] INFO    : 开始时间: 2023-01-06 14:45:20
[2023-01-06 14:52:39,739] [log.py|__console] [line:45] INFO    : 结束时间: 2023-01-06 14:52:39
[2023-01-06 14:52:39,812] [log.py|__console] [line:45] INFO    : 共计使用时间: 0:07:19
