[2023-01-06 14:24:08,660] [log.py|__console] [line:45] INFO    : 当前执行   买家原料下单    
[2023-01-06 14:24:18,208] [log.py|__console] [line:45] INFO    : 在买家首页点击登录按钮
[2023-01-06 14:24:18,906] [log.py|__console] [line:45] INFO    : 输入登录手机号: 13328798899
[2023-01-06 14:24:19,981] [log.py|__console] [line:45] INFO    : 点击验证码按钮
[2023-01-06 14:24:21,048] [log.py|__console] [line:45] INFO    : 点击登录
[2023-01-06 14:24:21,807] [log.py|__console] [line:45] INFO    : 比较后登录前输入手机号 :13328798899  与登录后一致 :金塑宝欢迎您！ 13328798899退出
[2023-01-06 14:24:26,545] [log.py|__console] [line:45] INFO    : 定位新标签
[2023-01-06 14:24:29,396] [log.py|__console] [line:45] INFO    : 进行配送方式_定金+货到付款
[2023-01-06 14:24:31,692] [log.py|__console] [line:45] INFO    : 金额判断一致  _________ 实付款  30000.00 == 单价  10000.00 * 数量  3
[2023-01-06 14:24:39,276] [log.py|__console] [line:45] INFO    : 订单提交成功
[2023-01-06 14:24:39,492] [log.py|__console] [line:45] INFO    : 下单完毕
[2023-01-06 14:24:39,492] [log.py|__console] [line:45] INFO    : 进行买卖家签署支付发货收货
[2023-01-06 14:24:39,493] [log.py|__console] [line:45] INFO    : ------------------------------------------------
[2023-01-06 14:24:39,493] [log.py|__console] [line:45] INFO    : 进入卖家生成签署合同
[2023-01-06 14:24:41,166] [log.py|__console] [line:45] INFO    : 当前界面标题是否正常 断言判断一致
[2023-01-06 14:24:45,056] [log.py|__console] [line:45] INFO    : 卖家登录信息:   _____注册账号65180子用户
[2023-01-06 14:24:47,771] [log.py|__console] [line:45] INFO    : 进入卖家   ____order_contract________子菜单_____order_list
[2023-01-06 14:24:51,174] [log.py|__console] [line:45] INFO    : 进入合同签署
[2023-01-06 14:25:04,204] [log.py|__console] [line:45] INFO    : 退出签署中
[2023-01-06 14:25:05,228] [log.py|__console] [line:45] INFO    : 签署成功
[2023-01-06 14:25:05,436] [log.py|__console] [line:45] INFO    : ------------------------------------------------
[2023-01-06 14:25:05,438] [log.py|__console] [line:45] INFO    : 进入买家签署合同并支付
[2023-01-06 14:25:05,556] [log.py|__console] [line:45] INFO    : 进行买家合同签署
[2023-01-06 14:25:07,735] [log.py|__console] [line:45] INFO    : 进入合同签署
[2023-01-06 14:25:20,469] [log.py|__console] [line:45] INFO    : 退出签署中
[2023-01-06 14:25:21,484] [log.py|__console] [line:45] INFO    : 签署成功
[2023-01-06 14:25:22,682] [log.py|__console] [line:45] INFO    : 进行买家定金订单支付
[2023-01-06 14:25:26,658] [log.py|__console] [line:45] INFO    : 定金支付成功
[2023-01-06 14:25:26,870] [log.py|__console] [line:45] INFO    : ------------------------------------------------
[2023-01-06 14:25:26,871] [log.py|__console] [line:45] INFO    : 进入卖家发货
[2023-01-06 14:25:27,187] [log.py|__console] [line:45] INFO    : 进行一次性发货
[2023-01-06 14:25:34,490] [log.py|__console] [line:45] INFO    : 进入合同签署
[2023-01-06 14:25:47,256] [log.py|__console] [line:45] INFO    : 退出签署中
[2023-01-06 14:25:48,271] [log.py|__console] [line:45] INFO    : 签署成功
[2023-01-06 14:25:48,286] [log.py|__console] [line:45] INFO    : 卖家发货成功
[2023-01-06 14:25:49,491] [log.py|__console] [line:45] INFO    : ------------------------------------------------
[2023-01-06 14:25:49,494] [log.py|__console] [line:45] INFO    : 进入买家收货
[2023-01-06 14:25:50,113] [log.py|__console] [line:45] INFO    : 进行定金订单支付尾款
[2023-01-06 14:25:56,296] [log.py|__console] [line:45] INFO    : 进入合同签署
[2023-01-06 14:26:08,970] [log.py|__console] [line:45] INFO    : 退出签署中
[2023-01-06 14:26:09,977] [log.py|__console] [line:45] INFO    : 签署成功
[2023-01-06 14:26:11,054] [log.py|__console] [line:45] INFO    : 买家原料订单收货成功
[2023-01-06 14:26:11,055] [log.py|__console] [line:45] INFO    : 当前下单次数 : 1  预计下单次数: 1
[2023-01-06 14:26:11,056] [log.py|__console] [line:45] INFO    : 开始时间: 2023-01-06 14:24:08
[2023-01-06 14:26:11,057] [log.py|__console] [line:45] INFO    : 结束时间: 2023-01-06 14:26:11
[2023-01-06 14:26:11,101] [log.py|__console] [line:45] INFO    : 共计使用时间: 0:02:03
