[2023-01-06 10:43:49,629] [log.py|__console] [line:45] INFO    : 当前执行   买家原料下单    
[2023-01-06 10:43:58,127] [log.py|__console] [line:45] INFO    : 在买家首页点击登录按钮
[2023-01-06 10:43:58,862] [log.py|__console] [line:45] INFO    : 输入登录手机号: 13328798899
[2023-01-06 10:43:59,924] [log.py|__console] [line:45] INFO    : 点击验证码按钮
[2023-01-06 10:44:01,058] [log.py|__console] [line:45] INFO    : 点击登录
[2023-01-06 10:44:01,733] [log.py|__console] [line:45] INFO    : 比较后登录前输入手机号 :13328798899  与登录后一致 :金塑宝欢迎您！ 13328798899退出
[2023-01-06 10:44:06,241] [log.py|__console] [line:45] INFO    : 定位新标签
[2023-01-06 10:44:08,420] [log.py|__console] [line:45] INFO    : 进行自提方式_款到发货
[2023-01-06 10:44:09,766] [log.py|__console] [line:45] INFO    : 金额判断一致  _________ 实付款  30000.00 == 单价  10000.00 * 数量  3
[2023-01-06 10:44:13,307] [log.py|__console] [line:45] INFO    : 订单提交成功
[2023-01-06 10:44:13,569] [log.py|__console] [line:45] INFO    : 下单完毕
[2023-01-06 10:44:13,570] [log.py|__console] [line:45] INFO    : 进行买卖家签署支付发货收货
[2023-01-06 10:44:13,570] [log.py|__console] [line:45] INFO    : ------------------------------------------------
[2023-01-06 10:44:13,571] [log.py|__console] [line:45] INFO    : 进入卖家生成签署合同
[2023-01-06 10:44:15,191] [log.py|__console] [line:45] INFO    : 当前界面标题是否正常 断言判断一致
[2023-01-06 10:44:19,140] [log.py|__console] [line:45] INFO    : 卖家登录信息:   _____注册账号65180子用户
[2023-01-06 10:44:21,842] [log.py|__console] [line:45] INFO    : 进入卖家   ____order_contract________子菜单_____order_list
[2023-01-06 10:44:24,234] [log.py|__console] [line:45] INFO    : 进入合同签署
[2023-01-06 10:44:37,005] [log.py|__console] [line:45] INFO    : 退出签署中
[2023-01-06 10:44:38,023] [log.py|__console] [line:45] INFO    : 签署成功
[2023-01-06 10:44:38,236] [log.py|__console] [line:45] INFO    : ------------------------------------------------
[2023-01-06 10:44:38,238] [log.py|__console] [line:45] INFO    : 进入买家签署合同并支付
[2023-01-06 10:44:38,348] [log.py|__console] [line:45] INFO    : 进行买家合同签署
[2023-01-06 10:44:40,401] [log.py|__console] [line:45] INFO    : 进入合同签署
[2023-01-06 10:44:53,015] [log.py|__console] [line:45] INFO    : 退出签署中
[2023-01-06 10:44:54,020] [log.py|__console] [line:45] INFO    : 签署成功
[2023-01-06 10:44:55,203] [log.py|__console] [line:45] INFO    : 进行买家订单支付
[2023-01-06 10:44:59,021] [log.py|__console] [line:45] INFO    : 进行自提信息填写
[2023-01-06 10:44:59,021] [log.py|__console] [line:45] INFO    : 进入一次性提货
[2023-01-06 10:45:03,678] [log.py|__console] [line:45] INFO    : 合同进入签署
[2023-01-06 10:45:15,698] [log.py|__console] [line:45] INFO    : 退出签署中
[2023-01-06 10:45:16,699] [log.py|__console] [line:45] INFO    : 签署成功
[2023-01-06 10:45:16,902] [log.py|__console] [line:45] INFO    : ------------------------------------------------
[2023-01-06 10:45:16,904] [log.py|__console] [line:45] INFO    : 进入卖家发货
[2023-01-06 10:45:16,993] [log.py|__console] [line:45] INFO    : 进行一次性发货
[2023-01-06 10:45:19,603] [log.py|__console] [line:45] INFO    : 进入合同签署
[2023-01-06 10:45:32,355] [log.py|__console] [line:45] INFO    : 退出签署中
[2023-01-06 10:45:33,367] [log.py|__console] [line:45] INFO    : 签署成功
[2023-01-06 10:45:33,381] [log.py|__console] [line:45] INFO    : 卖家发货成功
[2023-01-06 10:45:34,602] [log.py|__console] [line:45] INFO    : ------------------------------------------------
[2023-01-06 10:45:34,604] [log.py|__console] [line:45] INFO    : 进入买家收货
[2023-01-06 10:45:36,508] [log.py|__console] [line:45] INFO    : 进入合同签署
[2023-01-06 10:45:49,189] [log.py|__console] [line:45] INFO    : 退出签署中
[2023-01-06 10:45:50,195] [log.py|__console] [line:45] INFO    : 签署成功
[2023-01-06 10:45:51,242] [log.py|__console] [line:45] INFO    : 买家原料订单收货成功
[2023-01-06 10:45:51,242] [log.py|__console] [line:45] INFO    : 当前下单次数 : 1  预计下单次数: 1
[2023-01-06 10:45:51,243] [log.py|__console] [line:45] INFO    : 开始时间: 2023-01-06 10:43:49
[2023-01-06 10:45:51,243] [log.py|__console] [line:45] INFO    : 结束时间: 2023-01-06 10:45:51
[2023-01-06 10:45:51,248] [log.py|__console] [line:45] INFO    : 共计使用时间: 0:02:02
