[2023-01-06 14:14:49,719] [log.py|__console] [line:45] INFO    : 当前执行   买家原料下单    
[2023-01-06 14:14:59,711] [log.py|__console] [line:45] INFO    : 在买家首页点击登录按钮
[2023-01-06 14:15:00,655] [log.py|__console] [line:45] INFO    : 输入登录手机号: 13328798899
[2023-01-06 14:15:01,738] [log.py|__console] [line:45] INFO    : 点击验证码按钮
[2023-01-06 14:15:02,783] [log.py|__console] [line:45] INFO    : 点击登录
[2023-01-06 14:15:03,535] [log.py|__console] [line:45] INFO    : 比较后登录前输入手机号 :13328798899  与登录后一致 :金塑宝欢迎您！ 13328798899退出
[2023-01-06 14:15:08,175] [log.py|__console] [line:45] INFO    : 定位新标签
[2023-01-06 14:15:10,461] [log.py|__console] [line:45] INFO    : 进行配送方式_款到发货
[2023-01-06 14:15:11,794] [log.py|__console] [line:45] INFO    : 金额判断一致  _________ 实付款  30000.00 == 单价  10000.00 * 数量  3
[2023-01-06 14:15:19,399] [log.py|__console] [line:45] INFO    : 订单提交成功
[2023-01-06 14:15:19,611] [log.py|__console] [line:45] INFO    : 下单完毕
[2023-01-06 14:15:19,613] [log.py|__console] [line:45] INFO    : 进行买卖家签署支付发货收货
[2023-01-06 14:15:19,614] [log.py|__console] [line:45] INFO    : ------------------------------------------------
[2023-01-06 14:15:19,617] [log.py|__console] [line:45] INFO    : 进入卖家生成签署合同
[2023-01-06 14:15:21,010] [log.py|__console] [line:45] INFO    : 当前界面标题是否正常 断言判断一致
[2023-01-06 14:15:25,064] [log.py|__console] [line:45] INFO    : 卖家登录信息:   _____注册账号65180子用户
[2023-01-06 14:15:27,744] [log.py|__console] [line:45] INFO    : 进入卖家   ____order_contract________子菜单_____order_list
[2023-01-06 14:15:30,428] [log.py|__console] [line:45] INFO    : 进入合同签署
[2023-01-06 14:15:43,818] [log.py|__console] [line:45] INFO    : 退出签署中
[2023-01-06 14:15:44,824] [log.py|__console] [line:45] INFO    : 签署成功
[2023-01-06 14:15:45,028] [log.py|__console] [line:45] INFO    : ------------------------------------------------
[2023-01-06 14:15:45,029] [log.py|__console] [line:45] INFO    : 进入买家签署合同并支付
[2023-01-06 14:15:45,145] [log.py|__console] [line:45] INFO    : 进行买家合同签署
[2023-01-06 14:15:47,083] [log.py|__console] [line:45] INFO    : 进入合同签署
[2023-01-06 14:15:59,836] [log.py|__console] [line:45] INFO    : 退出签署中
[2023-01-06 14:16:00,840] [log.py|__console] [line:45] INFO    : 签署成功
[2023-01-06 14:16:01,997] [log.py|__console] [line:45] INFO    : 进行买家订单支付
[2023-01-06 14:16:06,195] [log.py|__console] [line:45] INFO    : ------------------------------------------------
[2023-01-06 14:16:06,196] [log.py|__console] [line:45] INFO    : 进入卖家发货
[2023-01-06 14:16:06,737] [log.py|__console] [line:45] INFO    : 进行一次性发货
[2023-01-06 14:16:14,242] [log.py|__console] [line:45] INFO    : 进入合同签署
[2023-01-06 14:16:27,201] [log.py|__console] [line:45] INFO    : 退出签署中
[2023-01-06 14:16:28,220] [log.py|__console] [line:45] INFO    : 签署成功
[2023-01-06 14:16:28,236] [log.py|__console] [line:45] INFO    : 卖家发货成功
[2023-01-06 14:16:29,452] [log.py|__console] [line:45] INFO    : ------------------------------------------------
[2023-01-06 14:16:29,453] [log.py|__console] [line:45] INFO    : 进入买家收货
[2023-01-06 14:16:31,116] [log.py|__console] [line:45] INFO    : 进入合同签署
[2023-01-06 14:16:43,777] [log.py|__console] [line:45] INFO    : 退出签署中
[2023-01-06 14:16:44,787] [log.py|__console] [line:45] INFO    : 签署成功
[2023-01-06 14:16:45,857] [log.py|__console] [line:45] INFO    : 买家原料订单收货成功
[2023-01-06 14:16:45,858] [log.py|__console] [line:45] INFO    : 当前下单次数 : 1  预计下单次数: 1
[2023-01-06 14:16:45,858] [log.py|__console] [line:45] INFO    : 开始时间: 2023-01-06 14:14:49
[2023-01-06 14:16:45,859] [log.py|__console] [line:45] INFO    : 结束时间: 2023-01-06 14:16:45
[2023-01-06 14:16:45,863] [log.py|__console] [line:45] INFO    : 共计使用时间: 0:01:56
