[2023-01-10 10:20:52,502] [log.py|__console] [line:45] INFO    : 当前执行   买家制成品下单    
[2023-01-10 10:21:11,480] [log.py|__console] [line:45] INFO    : 金额判断一致  _________ 实付款  1300.00 == 单价  100.00 * 数量  10 + 运费  300
[2023-01-10 10:22:12,223] [log.py|__console] [line:45] INFO    : 卖家制成品发货成功
[2023-01-10 10:22:16,598] [log.py|__console] [line:45] INFO    : 买家制成品订单收货成功
[2023-01-10 10:22:16,599] [log.py|__console] [line:45] INFO    : 当前下单次数 : 1  预计下单次数  : 5
[2023-01-10 10:22:23,953] [log.py|__console] [line:45] INFO    : 金额判断一致  _________ 实付款  1300.00 == 单价  100.00 * 数量  10 + 运费  300
[2023-01-10 10:23:17,327] [log.py|__console] [line:45] INFO    : 卖家制成品发货成功
[2023-01-10 10:23:21,744] [log.py|__console] [line:45] INFO    : 买家制成品订单收货成功
[2023-01-10 10:23:21,745] [log.py|__console] [line:45] INFO    : 当前下单次数 : 2  预计下单次数  : 5
[2023-01-10 10:23:29,167] [log.py|__console] [line:45] INFO    : 金额判断一致  _________ 实付款  1300.00 == 单价  100.00 * 数量  10 + 运费  300
[2023-01-10 10:24:21,726] [log.py|__console] [line:45] INFO    : 卖家制成品发货成功
[2023-01-10 10:24:25,984] [log.py|__console] [line:45] INFO    : 买家制成品订单收货成功
[2023-01-10 10:24:25,985] [log.py|__console] [line:45] INFO    : 当前下单次数 : 3  预计下单次数  : 5
[2023-01-10 10:24:32,973] [log.py|__console] [line:45] INFO    : 金额判断一致  _________ 实付款  1300.00 == 单价  100.00 * 数量  10 + 运费  300
[2023-01-10 10:25:25,422] [log.py|__console] [line:45] INFO    : 卖家制成品发货成功
[2023-01-10 10:25:29,997] [log.py|__console] [line:45] INFO    : 买家制成品订单收货成功
[2023-01-10 10:25:29,997] [log.py|__console] [line:45] INFO    : 当前下单次数 : 4  预计下单次数  : 5
[2023-01-10 10:25:37,313] [log.py|__console] [line:45] INFO    : 金额判断一致  _________ 实付款  1300.00 == 单价  100.00 * 数量  10 + 运费  300
[2023-01-10 10:26:30,629] [log.py|__console] [line:45] INFO    : 卖家制成品发货成功
[2023-01-10 10:26:35,677] [log.py|__console] [line:45] INFO    : 买家制成品订单收货成功
[2023-01-10 10:26:35,677] [log.py|__console] [line:45] INFO    : 当前下单次数 : 5  预计下单次数  : 5
[2023-01-10 10:26:35,678] [log.py|__console] [line:45] INFO    : 开始时间: 2023-01-10 10:20:52
[2023-01-10 10:26:35,679] [log.py|__console] [line:45] INFO    : 结束时间: 2023-01-10 10:26:35
[2023-01-10 10:26:35,683] [log.py|__console] [line:45] INFO    : 共计使用时间: 0:05:43
