[2023-01-10 10:18:59,757] [log.py|__console] [line:45] INFO    : 当前执行   买家制成品下单    
[2023-01-10 10:19:08,976] [log.py|__console] [line:45] INFO    : 在买家首页点击登录按钮
[2023-01-10 10:19:09,624] [log.py|__console] [line:45] INFO    : 输入登录手机号: 13500135003
[2023-01-10 10:19:10,688] [log.py|__console] [line:45] INFO    : 点击验证码按钮
[2023-01-10 10:19:11,763] [log.py|__console] [line:45] INFO    : 点击登录
[2023-01-10 10:19:12,614] [log.py|__console] [line:45] INFO    : 比较后登录前输入手机号 :13500135003  与登录后一致 :金塑宝欢迎您！ 13500135003退出
[2023-01-10 10:19:14,546] [log.py|__console] [line:45] INFO    : 定位新标签
[2023-01-10 10:19:19,384] [log.py|__console] [line:45] INFO    : 金额判断一致  _________ 实付款  1300.00 == 单价  100.00 * 数量  10 + 运费  300
[2023-01-10 10:19:27,183] [log.py|__console] [line:45] INFO    : 当前界面标题是否正常 断言判断一致
[2023-01-10 10:19:31,196] [log.py|__console] [line:45] INFO    : 卖家登录信息:   _____111111子用户
[2023-01-10 10:19:36,404] [log.py|__console] [line:45] INFO    : 进入合同签署
[2023-01-10 10:19:49,305] [log.py|__console] [line:45] INFO    : 退出签署中
[2023-01-10 10:19:50,312] [log.py|__console] [line:45] INFO    : 签署成功
[2023-01-10 10:19:53,255] [log.py|__console] [line:45] INFO    : 进入合同签署
[2023-01-10 10:20:05,839] [log.py|__console] [line:45] INFO    : 退出签署中
[2023-01-10 10:20:06,855] [log.py|__console] [line:45] INFO    : 签署成功
[2023-01-10 10:20:19,395] [log.py|__console] [line:45] INFO    : 卖家制成品发货成功
[2023-01-10 10:20:23,709] [log.py|__console] [line:45] INFO    : 买家制成品订单收货成功
[2023-01-10 10:20:23,710] [log.py|__console] [line:45] INFO    : 当前下单次数 : 1  预计下单次数  : 1
[2023-01-10 10:20:23,711] [log.py|__console] [line:45] INFO    : 开始时间: 2023-01-10 10:18:59
[2023-01-10 10:20:23,712] [log.py|__console] [line:45] INFO    : 结束时间: 2023-01-10 10:20:23
[2023-01-10 10:20:23,717] [log.py|__console] [line:45] INFO    : 共计使用时间: 0:01:24
