[2023-01-10 16:08:27,239] [log.py|__console] [line:45] INFO    : 当前执行   买家原料下单    
[2023-01-10 16:08:36,344] [log.py|__console] [line:45] INFO    : 在买家首页点击登录按钮
[2023-01-10 16:08:37,055] [log.py|__console] [line:45] INFO    : 输入登录手机号: 13328798899
[2023-01-10 16:08:38,121] [log.py|__console] [line:45] INFO    : 点击验证码按钮
[2023-01-10 16:08:39,250] [log.py|__console] [line:45] INFO    : 点击登录
[2023-01-10 16:08:40,027] [log.py|__console] [line:45] INFO    : 比较后登录前输入手机号 :13328798899  与登录后一致 :金塑宝欢迎您！ 13328798899退出
[2023-01-10 16:08:44,673] [log.py|__console] [line:45] INFO    : 定位新标签
[2023-01-10 16:08:46,885] [log.py|__console] [line:45] INFO    : 进行配送方式_款到发货
[2023-01-10 16:08:48,294] [log.py|__console] [line:45] INFO    : 金额判断一致  _________ 实付款  10000.00 == 单价  10000.00 * 数量  1
[2023-01-10 16:08:55,933] [log.py|__console] [line:45] INFO    : 订单提交成功
[2023-01-10 16:08:56,150] [log.py|__console] [line:45] INFO    : 下单完毕
[2023-01-10 16:08:56,153] [log.py|__console] [line:45] INFO    : 进行买卖家签署支付发货收货
[2023-01-10 16:08:56,155] [log.py|__console] [line:45] INFO    : ------------------------------------------------
[2023-01-10 16:08:56,157] [log.py|__console] [line:45] INFO    : 进入卖家生成签署合同
[2023-01-10 16:08:57,626] [log.py|__console] [line:45] INFO    : 当前界面标题是否正常 断言判断一致
[2023-01-10 16:09:01,632] [log.py|__console] [line:45] INFO    : 卖家登录信息:   _____注册账号65180子用户
[2023-01-10 16:09:04,346] [log.py|__console] [line:45] INFO    : 进入卖家   ____order_contract________子菜单_____order_list
[2023-01-10 16:09:06,864] [log.py|__console] [line:45] INFO    : 进入合同签署
[2023-01-10 16:09:21,061] [log.py|__console] [line:45] INFO    : 退出签署中
[2023-01-10 16:09:22,077] [log.py|__console] [line:45] INFO    : 签署成功
[2023-01-10 16:09:22,283] [log.py|__console] [line:45] INFO    : ------------------------------------------------
[2023-01-10 16:09:22,284] [log.py|__console] [line:45] INFO    : 进入买家签署合同并支付
[2023-01-10 16:09:22,418] [log.py|__console] [line:45] INFO    : 进行买家合同签署
[2023-01-10 16:09:24,804] [log.py|__console] [line:45] INFO    : 进入合同签署
[2023-01-10 16:09:38,546] [log.py|__console] [line:45] INFO    : 退出签署中
[2023-01-10 16:09:39,563] [log.py|__console] [line:45] INFO    : 签署成功
[2023-01-10 16:09:40,798] [log.py|__console] [line:45] INFO    : 进行买家订单支付
[2023-01-10 16:09:46,187] [log.py|__console] [line:45] INFO    : ------------------------------------------------
[2023-01-10 16:09:46,188] [log.py|__console] [line:45] INFO    : 进入卖家发货
[2023-01-10 16:09:46,617] [log.py|__console] [line:45] INFO    : 进行一单多发
[2023-01-10 16:09:46,618] [log.py|__console] [line:45] INFO    : 进入卖家一单多发
[2023-01-10 16:09:46,847] [log.py|__console] [line:45] INFO    : 1
[2023-01-10 16:09:54,597] [log.py|__console] [line:45] INFO    : 进入合同签署
[2023-01-10 16:10:09,565] [log.py|__console] [line:45] INFO    : 退出签署中
[2023-01-10 16:10:10,582] [log.py|__console] [line:45] INFO    : 签署成功
[2023-01-10 16:10:10,601] [log.py|__console] [line:45] INFO    : 当前发货单数为:1    当前发货数量为:0.333  预计发货单数: 3
[2023-01-10 16:10:10,603] [log.py|__console] [line:45] INFO    : 2
[2023-01-10 16:10:19,215] [log.py|__console] [line:45] INFO    : 进入合同签署
[2023-01-10 16:10:32,893] [log.py|__console] [line:45] INFO    : 退出签署中
[2023-01-10 16:10:33,900] [log.py|__console] [line:45] INFO    : 签署成功
[2023-01-10 16:10:33,941] [log.py|__console] [line:45] INFO    : 当前发货单数为:2    当前发货数量为:0.333  预计发货单数: 3
[2023-01-10 16:10:33,942] [log.py|__console] [line:45] INFO    : 3
[2023-01-10 16:10:42,680] [log.py|__console] [line:45] INFO    : 进入合同签署
[2023-01-10 16:10:56,247] [log.py|__console] [line:45] INFO    : 退出签署中
[2023-01-10 16:10:57,254] [log.py|__console] [line:45] INFO    : 签署成功
[2023-01-10 16:10:57,261] [log.py|__console] [line:45] INFO    : 当前发货单数为:3    当前发货数量为:0.334  预计发货单数: 3
[2023-01-10 16:10:57,474] [log.py|__console] [line:45] INFO    : ------------------------------------------------
[2023-01-10 16:10:57,474] [log.py|__console] [line:45] INFO    : 进入买家收货
[2023-01-10 16:10:58,077] [log.py|__console] [line:45] INFO    : 进行多发订单收货
[2023-01-10 16:10:58,078] [log.py|__console] [line:45] INFO    : 进入买家多发收货
[2023-01-10 16:11:00,959] [log.py|__console] [line:45] INFO    : 进入合同签署
[2023-01-10 16:11:14,400] [log.py|__console] [line:45] INFO    : 退出签署中
[2023-01-10 16:11:15,403] [log.py|__console] [line:45] INFO    : 签署成功
[2023-01-10 16:11:15,624] [log.py|__console] [line:45] INFO    : 当前收货单数:1 预计收货单数: 3
[2023-01-10 16:11:16,326] [log.py|__console] [line:45] INFO    : 进入合同签署
[2023-01-10 16:11:29,763] [log.py|__console] [line:45] INFO    : 退出签署中
[2023-01-10 16:11:30,768] [log.py|__console] [line:45] INFO    : 签署成功
[2023-01-10 16:11:30,975] [log.py|__console] [line:45] INFO    : 当前收货单数:2 预计收货单数: 3
[2023-01-10 16:11:31,473] [log.py|__console] [line:45] INFO    : 进入合同签署
[2023-01-10 16:11:44,917] [log.py|__console] [line:45] INFO    : 退出签署中
[2023-01-10 16:11:45,920] [log.py|__console] [line:45] INFO    : 签署成功
[2023-01-10 16:11:46,140] [log.py|__console] [line:45] INFO    : 当前收货单数:3 预计收货单数: 3
[2023-01-10 16:11:46,161] [log.py|__console] [line:45] INFO    : 买家多发订单收货完毕  订单已完成
[2023-01-10 16:11:46,162] [log.py|__console] [line:45] INFO    : 买家多发收货结束
[2023-01-10 16:11:46,162] [log.py|__console] [line:45] INFO    : 当前下单次数 : 1  预计下单次数: 2
[2023-01-10 16:11:46,163] [log.py|__console] [line:45] INFO    : ------------------------------------------------
[2023-01-10 16:11:50,919] [log.py|__console] [line:45] INFO    : 定位新标签
[2023-01-10 16:11:53,107] [log.py|__console] [line:45] INFO    : 进行配送方式_款到发货
[2023-01-10 16:11:54,549] [log.py|__console] [line:45] INFO    : 金额判断一致  _________ 实付款  10000.00 == 单价  10000.00 * 数量  1
[2023-01-10 16:12:02,048] [log.py|__console] [line:45] INFO    : 订单提交成功
[2023-01-10 16:12:02,257] [log.py|__console] [line:45] INFO    : 下单完毕
[2023-01-10 16:12:02,258] [log.py|__console] [line:45] INFO    : 进行买卖家签署支付发货收货
[2023-01-10 16:12:02,260] [log.py|__console] [line:45] INFO    : ------------------------------------------------
[2023-01-10 16:12:02,262] [log.py|__console] [line:45] INFO    : 进入卖家生成签署合同
[2023-01-10 16:12:06,506] [log.py|__console] [line:45] INFO    : 进入合同签署
[2023-01-10 16:12:20,282] [log.py|__console] [line:45] INFO    : 退出签署中
[2023-01-10 16:12:21,294] [log.py|__console] [line:45] INFO    : 签署成功
[2023-01-10 16:12:21,507] [log.py|__console] [line:45] INFO    : ------------------------------------------------
[2023-01-10 16:12:21,508] [log.py|__console] [line:45] INFO    : 进入买家签署合同并支付
[2023-01-10 16:12:21,720] [log.py|__console] [line:45] INFO    : 进行买家合同签署
[2023-01-10 16:12:24,484] [log.py|__console] [line:45] INFO    : 进入合同签署
[2023-01-10 16:12:38,007] [log.py|__console] [line:45] INFO    : 退出签署中
[2023-01-10 16:12:39,020] [log.py|__console] [line:45] INFO    : 签署成功
[2023-01-10 16:12:40,138] [log.py|__console] [line:45] INFO    : 进行买家订单支付
[2023-01-10 16:12:46,319] [log.py|__console] [line:45] INFO    : ------------------------------------------------
[2023-01-10 16:12:46,320] [log.py|__console] [line:45] INFO    : 进入卖家发货
[2023-01-10 16:12:47,301] [log.py|__console] [line:45] INFO    : 进行一单多发
[2023-01-10 16:12:47,302] [log.py|__console] [line:45] INFO    : 进入卖家一单多发
[2023-01-10 16:12:47,557] [log.py|__console] [line:45] INFO    : 1
[2023-01-10 16:12:56,072] [log.py|__console] [line:45] INFO    : 进入合同签署
[2023-01-10 16:13:09,771] [log.py|__console] [line:45] INFO    : 退出签署中
[2023-01-10 16:13:10,784] [log.py|__console] [line:45] INFO    : 签署成功
[2023-01-10 16:13:10,788] [log.py|__console] [line:45] INFO    : 当前发货单数为:1    当前发货数量为:0.333  预计发货单数: 3
[2023-01-10 16:13:10,788] [log.py|__console] [line:45] INFO    : 2
[2023-01-10 16:13:18,990] [log.py|__console] [line:45] INFO    : 进入合同签署
[2023-01-10 16:13:32,422] [log.py|__console] [line:45] INFO    : 退出签署中
[2023-01-10 16:13:33,433] [log.py|__console] [line:45] INFO    : 签署成功
[2023-01-10 16:13:33,469] [log.py|__console] [line:45] INFO    : 当前发货单数为:2    当前发货数量为:0.333  预计发货单数: 3
[2023-01-10 16:13:33,469] [log.py|__console] [line:45] INFO    : 3
[2023-01-10 16:13:41,689] [log.py|__console] [line:45] INFO    : 进入合同签署
[2023-01-10 16:13:55,125] [log.py|__console] [line:45] INFO    : 退出签署中
[2023-01-10 16:13:56,132] [log.py|__console] [line:45] INFO    : 签署成功
[2023-01-10 16:13:56,136] [log.py|__console] [line:45] INFO    : 当前发货单数为:3    当前发货数量为:0.334  预计发货单数: 3
[2023-01-10 16:13:56,337] [log.py|__console] [line:45] INFO    : ------------------------------------------------
[2023-01-10 16:13:56,337] [log.py|__console] [line:45] INFO    : 进入买家收货
[2023-01-10 16:13:56,934] [log.py|__console] [line:45] INFO    : 进行多发订单收货
[2023-01-10 16:13:56,935] [log.py|__console] [line:45] INFO    : 进入买家多发收货
[2023-01-10 16:14:00,301] [log.py|__console] [line:45] INFO    : 进入合同签署
[2023-01-10 16:14:13,785] [log.py|__console] [line:45] INFO    : 退出签署中
[2023-01-10 16:14:14,802] [log.py|__console] [line:45] INFO    : 签署成功
[2023-01-10 16:14:15,035] [log.py|__console] [line:45] INFO    : 当前收货单数:1 预计收货单数: 3
[2023-01-10 16:14:15,303] [log.py|__console] [line:45] INFO    : 进入合同签署
[2023-01-10 16:14:28,880] [log.py|__console] [line:45] INFO    : 退出签署中
[2023-01-10 16:14:29,892] [log.py|__console] [line:45] INFO    : 签署成功
[2023-01-10 16:14:30,128] [log.py|__console] [line:45] INFO    : 当前收货单数:2 预计收货单数: 3
[2023-01-10 16:14:30,887] [log.py|__console] [line:45] INFO    : 进入合同签署
[2023-01-10 16:14:44,437] [log.py|__console] [line:45] INFO    : 退出签署中
[2023-01-10 16:14:45,451] [log.py|__console] [line:45] INFO    : 签署成功
[2023-01-10 16:14:45,685] [log.py|__console] [line:45] INFO    : 当前收货单数:3 预计收货单数: 3
[2023-01-10 16:14:45,735] [log.py|__console] [line:45] INFO    : 买家多发订单收货完毕  订单已完成
[2023-01-10 16:14:45,736] [log.py|__console] [line:45] INFO    : 买家多发收货结束
[2023-01-10 16:14:45,736] [log.py|__console] [line:45] INFO    : 当前下单次数 : 2  预计下单次数: 2
[2023-01-10 16:14:45,737] [log.py|__console] [line:45] INFO    : ------------------------------------------------
[2023-01-10 16:14:45,738] [log.py|__console] [line:45] INFO    : 开始时间: 2023-01-10 16:08:27
[2023-01-10 16:14:45,738] [log.py|__console] [line:45] INFO    : 结束时间: 2023-01-10 16:14:45
[2023-01-10 16:14:45,749] [log.py|__console] [line:45] INFO    : 共计使用时间: 0:06:18
