[2023-01-12 11:25:23,083] [log.py|__console] [line:45] INFO    : 当前执行   买家原料下单    
[2023-01-12 11:25:35,479] [log.py|__console] [line:45] INFO    : 在买家首页点击登录按钮
[2023-01-12 11:25:36,369] [log.py|__console] [line:45] INFO    : 输入登录手机号: 18859228368
[2023-01-12 11:25:37,440] [log.py|__console] [line:45] INFO    : 点击验证码按钮
[2023-01-12 11:25:38,489] [log.py|__console] [line:45] INFO    : 点击登录
[2023-01-12 11:25:40,229] [log.py|__console] [line:45] INFO    : 金塑宝欢迎您！ 18859228368退出
[2023-01-12 11:25:40,230] [log.py|__console] [line:45] INFO    : 比较后登录前输入手机号 :18859228368  与登录后一致 :金塑宝欢迎您！ 18859228368退出
[2023-01-12 11:25:49,048] [log.py|__console] [line:45] INFO    : 进行自提方式_款到发货
[2023-01-12 11:25:51,009] [log.py|__console] [line:45] INFO    : 金额判断一致  _________ 实付款  6541.00 == 单价  6541.00 * 数量  1
[2023-01-12 11:25:55,492] [log.py|__console] [line:45] INFO    : 订单提交成功
[2023-01-12 11:25:55,722] [log.py|__console] [line:45] INFO    : 下单完毕
[2023-01-12 11:25:55,724] [log.py|__console] [line:45] INFO    : 进行买卖家签署支付发货收货
[2023-01-12 11:25:55,727] [log.py|__console] [line:45] INFO    : ------------------------------------------------
[2023-01-12 11:25:55,730] [log.py|__console] [line:45] INFO    : 进入卖家生成签署合同
[2023-01-12 11:25:57,780] [log.py|__console] [line:45] INFO    : 当前界面标题是否正常 断言判断一致
[2023-01-12 11:26:01,777] [log.py|__console] [line:45] INFO    : 卖家登录信息:   _____兴得铭卖家主用户
[2023-01-12 11:26:04,455] [log.py|__console] [line:45] INFO    : 进入卖家   ____order_contract________子菜单_____order_list
[2023-01-12 11:26:07,040] [log.py|__console] [line:45] INFO    : 进入合同签署
[2023-01-12 11:26:20,883] [log.py|__console] [line:45] INFO    : 退出签署中
[2023-01-12 11:26:21,898] [log.py|__console] [line:45] INFO    : 签署成功
[2023-01-12 11:26:22,109] [log.py|__console] [line:45] INFO    : ------------------------------------------------
[2023-01-12 11:26:22,111] [log.py|__console] [line:45] INFO    : 进入买家签署合同并支付
[2023-01-12 11:26:22,428] [log.py|__console] [line:45] INFO    : 进行买家合同签署
[2023-01-12 11:26:25,155] [log.py|__console] [line:45] INFO    : 进入合同签署
[2023-01-12 11:26:38,897] [log.py|__console] [line:45] INFO    : 退出签署中
[2023-01-12 11:26:39,907] [log.py|__console] [line:45] INFO    : 签署成功
[2023-01-12 11:26:41,218] [log.py|__console] [line:45] INFO    : 进行买家订单支付
[2023-01-12 11:26:46,073] [log.py|__console] [line:45] INFO    : 原料订单支付成功
[2023-01-12 11:26:46,449] [log.py|__console] [line:45] INFO    : 进行自提信息填写
[2023-01-12 11:26:46,450] [log.py|__console] [line:45] INFO    : 当前下单次数 : 1  预计下单次数: 10
[2023-01-12 11:26:46,450] [log.py|__console] [line:45] INFO    : ------------------------------------------------
[2023-01-12 11:26:54,746] [log.py|__console] [line:45] INFO    : 进行自提方式_款到发货
[2023-01-12 11:26:56,285] [log.py|__console] [line:45] INFO    : 金额判断一致  _________ 实付款  6541.00 == 单价  6541.00 * 数量  1
[2023-01-12 11:27:00,803] [log.py|__console] [line:45] INFO    : 订单提交成功
[2023-01-12 11:27:01,026] [log.py|__console] [line:45] INFO    : 下单完毕
[2023-01-12 11:27:01,029] [log.py|__console] [line:45] INFO    : 进行买卖家签署支付发货收货
[2023-01-12 11:27:01,032] [log.py|__console] [line:45] INFO    : ------------------------------------------------
[2023-01-12 11:27:01,034] [log.py|__console] [line:45] INFO    : 进入卖家生成签署合同
[2023-01-12 11:27:06,048] [log.py|__console] [line:45] INFO    : 进入合同签署
[2023-01-12 11:27:19,822] [log.py|__console] [line:45] INFO    : 退出签署中
[2023-01-12 11:27:20,864] [log.py|__console] [line:45] INFO    : 签署成功
[2023-01-12 11:27:21,075] [log.py|__console] [line:45] INFO    : ------------------------------------------------
[2023-01-12 11:27:21,076] [log.py|__console] [line:45] INFO    : 进入买家签署合同并支付
[2023-01-12 11:27:21,204] [log.py|__console] [line:45] INFO    : 进行买家合同签署
[2023-01-12 11:27:24,000] [log.py|__console] [line:45] INFO    : 进入合同签署
[2023-01-12 11:27:37,683] [log.py|__console] [line:45] INFO    : 退出签署中
[2023-01-12 11:27:38,699] [log.py|__console] [line:45] INFO    : 签署成功
[2023-01-12 11:27:40,074] [log.py|__console] [line:45] INFO    : 进行买家订单支付
[2023-01-12 11:27:56,612] [log.py|__console] [line:45] INFO    : 原料订单支付成功
[2023-01-12 11:27:56,831] [log.py|__console] [line:45] INFO    : 进行自提信息填写
[2023-01-12 11:27:56,832] [log.py|__console] [line:45] INFO    : 当前下单次数 : 2  预计下单次数: 10
[2023-01-12 11:27:56,833] [log.py|__console] [line:45] INFO    : ------------------------------------------------
[2023-01-12 11:28:08,538] [log.py|__console] [line:45] INFO    : 进行自提方式_款到发货
[2023-01-12 11:28:10,388] [log.py|__console] [line:45] INFO    : 金额判断一致  _________ 实付款  500.00 == 单价  500.00 * 数量  1
[2023-01-12 11:28:15,007] [log.py|__console] [line:45] INFO    : 订单提交成功
[2023-01-12 11:28:15,224] [log.py|__console] [line:45] INFO    : 下单完毕
[2023-01-12 11:28:15,226] [log.py|__console] [line:45] INFO    : 进行买卖家签署支付发货收货
[2023-01-12 11:28:15,230] [log.py|__console] [line:45] INFO    : ------------------------------------------------
[2023-01-12 11:28:15,233] [log.py|__console] [line:45] INFO    : 进入卖家生成签署合同
[2023-01-12 11:28:19,748] [log.py|__console] [line:45] INFO    : 进入合同签署
[2023-01-12 11:28:33,701] [log.py|__console] [line:45] INFO    : 退出签署中
[2023-01-12 11:28:34,711] [log.py|__console] [line:45] INFO    : 签署成功
[2023-01-12 11:28:34,924] [log.py|__console] [line:45] INFO    : ------------------------------------------------
[2023-01-12 11:28:34,925] [log.py|__console] [line:45] INFO    : 进入买家签署合同并支付
[2023-01-12 11:28:35,066] [log.py|__console] [line:45] INFO    : 进行买家合同签署
[2023-01-12 11:28:37,256] [log.py|__console] [line:45] INFO    : 进入合同签署
[2023-01-12 11:28:50,895] [log.py|__console] [line:45] INFO    : 退出签署中
[2023-01-12 11:28:51,903] [log.py|__console] [line:45] INFO    : 签署成功
[2023-01-12 11:28:53,072] [log.py|__console] [line:45] INFO    : 进行买家订单支付
[2023-01-12 11:28:57,230] [log.py|__console] [line:45] INFO    : 原料订单支付成功
[2023-01-12 11:28:57,609] [log.py|__console] [line:45] INFO    : 进行自提信息填写
[2023-01-12 11:28:57,609] [log.py|__console] [line:45] INFO    : 当前下单次数 : 3  预计下单次数: 10
[2023-01-12 11:28:57,610] [log.py|__console] [line:45] INFO    : ------------------------------------------------
[2023-01-12 11:29:06,853] [log.py|__console] [line:45] INFO    : 进行自提方式_款到发货
[2023-01-12 11:29:08,550] [log.py|__console] [line:45] INFO    : 金额判断一致  _________ 实付款  6541.00 == 单价  6541.00 * 数量  1
[2023-01-12 11:29:13,114] [log.py|__console] [line:45] INFO    : 订单提交成功
[2023-01-12 11:29:13,334] [log.py|__console] [line:45] INFO    : 下单完毕
[2023-01-12 11:29:13,337] [log.py|__console] [line:45] INFO    : 进行买卖家签署支付发货收货
[2023-01-12 11:29:13,338] [log.py|__console] [line:45] INFO    : ------------------------------------------------
[2023-01-12 11:29:13,341] [log.py|__console] [line:45] INFO    : 进入卖家生成签署合同
[2023-01-12 11:29:17,372] [log.py|__console] [line:45] INFO    : 进入合同签署
[2023-01-12 11:29:31,055] [log.py|__console] [line:45] INFO    : 退出签署中
[2023-01-12 11:29:32,062] [log.py|__console] [line:45] INFO    : 签署成功
[2023-01-12 11:29:32,291] [log.py|__console] [line:45] INFO    : ------------------------------------------------
[2023-01-12 11:29:32,309] [log.py|__console] [line:45] INFO    : 进入买家签署合同并支付
[2023-01-12 11:29:32,549] [log.py|__console] [line:45] INFO    : 进行买家合同签署
[2023-01-12 11:29:34,742] [log.py|__console] [line:45] INFO    : 进入合同签署
[2023-01-12 11:29:48,386] [log.py|__console] [line:45] INFO    : 退出签署中
[2023-01-12 11:29:49,388] [log.py|__console] [line:45] INFO    : 签署成功
[2023-01-12 11:29:50,590] [log.py|__console] [line:45] INFO    : 进行买家订单支付
[2023-01-12 11:29:54,536] [log.py|__console] [line:45] INFO    : 原料订单支付成功
[2023-01-12 11:29:54,801] [log.py|__console] [line:45] INFO    : 进行自提信息填写
[2023-01-12 11:29:54,802] [log.py|__console] [line:45] INFO    : 当前下单次数 : 4  预计下单次数: 10
[2023-01-12 11:29:54,802] [log.py|__console] [line:45] INFO    : ------------------------------------------------
[2023-01-12 11:30:04,487] [log.py|__console] [line:45] INFO    : 进行自提方式_款到发货
[2023-01-12 11:30:06,092] [log.py|__console] [line:45] INFO    : 金额判断一致  _________ 实付款  500.00 == 单价  500.00 * 数量  1
[2023-01-12 11:30:10,642] [log.py|__console] [line:45] INFO    : 订单提交成功
[2023-01-12 11:30:10,859] [log.py|__console] [line:45] INFO    : 下单完毕
[2023-01-12 11:30:10,863] [log.py|__console] [line:45] INFO    : 进行买卖家签署支付发货收货
[2023-01-12 11:30:10,866] [log.py|__console] [line:45] INFO    : ------------------------------------------------
[2023-01-12 11:30:10,868] [log.py|__console] [line:45] INFO    : 进入卖家生成签署合同
[2023-01-12 11:30:15,249] [log.py|__console] [line:45] INFO    : 进入合同签署
[2023-01-12 11:30:28,907] [log.py|__console] [line:45] INFO    : 退出签署中
[2023-01-12 11:30:29,912] [log.py|__console] [line:45] INFO    : 签署成功
[2023-01-12 11:30:30,130] [log.py|__console] [line:45] INFO    : ------------------------------------------------
[2023-01-12 11:30:30,132] [log.py|__console] [line:45] INFO    : 进入买家签署合同并支付
[2023-01-12 11:30:30,433] [log.py|__console] [line:45] INFO    : 进行买家合同签署
[2023-01-12 11:30:32,634] [log.py|__console] [line:45] INFO    : 进入合同签署
[2023-01-12 11:30:46,076] [log.py|__console] [line:45] INFO    : 退出签署中
[2023-01-12 11:30:47,088] [log.py|__console] [line:45] INFO    : 签署成功
[2023-01-12 11:30:48,263] [log.py|__console] [line:45] INFO    : 进行买家订单支付
[2023-01-12 11:30:52,668] [log.py|__console] [line:45] INFO    : 原料订单支付成功
[2023-01-12 11:30:53,172] [log.py|__console] [line:45] INFO    : 进行自提信息填写
[2023-01-12 11:30:53,173] [log.py|__console] [line:45] INFO    : 当前下单次数 : 5  预计下单次数: 10
[2023-01-12 11:30:53,173] [log.py|__console] [line:45] INFO    : ------------------------------------------------
[2023-01-12 11:31:01,964] [log.py|__console] [line:45] INFO    : 进行自提方式_款到发货
[2023-01-12 11:31:03,576] [log.py|__console] [line:45] INFO    : 金额判断一致  _________ 实付款  100.00 == 单价  100.00 * 数量  1
[2023-01-12 11:31:08,090] [log.py|__console] [line:45] INFO    : 订单提交成功
[2023-01-12 11:31:08,296] [log.py|__console] [line:45] INFO    : 下单完毕
[2023-01-12 11:31:08,297] [log.py|__console] [line:45] INFO    : 进行买卖家签署支付发货收货
[2023-01-12 11:31:08,297] [log.py|__console] [line:45] INFO    : ------------------------------------------------
[2023-01-12 11:31:08,298] [log.py|__console] [line:45] INFO    : 进入卖家生成签署合同
[2023-01-12 11:31:12,368] [log.py|__console] [line:45] INFO    : 进入合同签署
[2023-01-12 11:31:25,995] [log.py|__console] [line:45] INFO    : 退出签署中
[2023-01-12 11:31:27,017] [log.py|__console] [line:45] INFO    : 签署成功
[2023-01-12 11:31:27,230] [log.py|__console] [line:45] INFO    : ------------------------------------------------
[2023-01-12 11:31:27,231] [log.py|__console] [line:45] INFO    : 进入买家签署合同并支付
[2023-01-12 11:31:27,317] [log.py|__console] [line:45] INFO    : 进行买家合同签署
[2023-01-12 11:31:29,759] [log.py|__console] [line:45] INFO    : 进入合同签署
[2023-01-12 11:31:43,235] [log.py|__console] [line:45] INFO    : 退出签署中
[2023-01-12 11:31:44,240] [log.py|__console] [line:45] INFO    : 签署成功
[2023-01-12 11:31:45,402] [log.py|__console] [line:45] INFO    : 进行买家订单支付
[2023-01-12 11:31:49,764] [log.py|__console] [line:45] INFO    : 原料订单支付成功
[2023-01-12 11:31:50,091] [log.py|__console] [line:45] INFO    : 进行自提信息填写
[2023-01-12 11:31:50,092] [log.py|__console] [line:45] INFO    : 当前下单次数 : 6  预计下单次数: 10
[2023-01-12 11:31:50,092] [log.py|__console] [line:45] INFO    : ------------------------------------------------
[2023-01-12 11:31:58,694] [log.py|__console] [line:45] INFO    : 进行自提方式_款到发货
[2023-01-12 11:32:00,565] [log.py|__console] [line:45] INFO    : 金额判断一致  _________ 实付款  100.00 == 单价  100.00 * 数量  1
[2023-01-12 11:32:05,098] [log.py|__console] [line:45] INFO    : 订单提交成功
[2023-01-12 11:32:05,306] [log.py|__console] [line:45] INFO    : 下单完毕
[2023-01-12 11:32:05,307] [log.py|__console] [line:45] INFO    : 进行买卖家签署支付发货收货
[2023-01-12 11:32:05,307] [log.py|__console] [line:45] INFO    : ------------------------------------------------
[2023-01-12 11:32:05,308] [log.py|__console] [line:45] INFO    : 进入卖家生成签署合同
[2023-01-12 11:32:11,651] [log.py|__console] [line:45] INFO    : 进入合同签署
[2023-01-12 11:32:25,281] [log.py|__console] [line:45] INFO    : 退出签署中
[2023-01-12 11:32:26,289] [log.py|__console] [line:45] INFO    : 签署成功
[2023-01-12 11:32:26,501] [log.py|__console] [line:45] INFO    : ------------------------------------------------
[2023-01-12 11:32:26,502] [log.py|__console] [line:45] INFO    : 进入买家签署合同并支付
[2023-01-12 11:32:26,886] [log.py|__console] [line:45] INFO    : 进行买家合同签署
[2023-01-12 11:32:29,445] [log.py|__console] [line:45] INFO    : 进入合同签署
[2023-01-12 11:32:42,994] [log.py|__console] [line:45] INFO    : 退出签署中
[2023-01-12 11:32:44,008] [log.py|__console] [line:45] INFO    : 签署成功
[2023-01-12 11:32:45,241] [log.py|__console] [line:45] INFO    : 进行买家订单支付
[2023-01-12 11:32:50,569] [log.py|__console] [line:45] INFO    : 原料订单支付成功
[2023-01-12 11:32:51,137] [log.py|__console] [line:45] INFO    : 进行自提信息填写
[2023-01-12 11:32:51,138] [log.py|__console] [line:45] INFO    : 当前下单次数 : 7  预计下单次数: 10
[2023-01-12 11:32:51,138] [log.py|__console] [line:45] INFO    : ------------------------------------------------
[2023-01-12 11:33:00,728] [log.py|__console] [line:45] INFO    : 进行自提方式_款到发货
[2023-01-12 11:33:02,501] [log.py|__console] [line:45] INFO    : 金额判断一致  _________ 实付款  100.00 == 单价  100.00 * 数量  1
[2023-01-12 11:33:06,992] [log.py|__console] [line:45] INFO    : 订单提交成功
[2023-01-12 11:33:07,199] [log.py|__console] [line:45] INFO    : 下单完毕
[2023-01-12 11:33:07,200] [log.py|__console] [line:45] INFO    : 进行买卖家签署支付发货收货
[2023-01-12 11:33:07,201] [log.py|__console] [line:45] INFO    : ------------------------------------------------
[2023-01-12 11:33:07,201] [log.py|__console] [line:45] INFO    : 进入卖家生成签署合同
[2023-01-12 11:33:11,418] [log.py|__console] [line:45] INFO    : 进入合同签署
[2023-01-12 11:33:26,141] [log.py|__console] [line:45] INFO    : 退出签署中
[2023-01-12 11:33:27,187] [log.py|__console] [line:45] INFO    : 签署成功
[2023-01-12 11:33:27,398] [log.py|__console] [line:45] INFO    : ------------------------------------------------
[2023-01-12 11:33:27,399] [log.py|__console] [line:45] INFO    : 进入买家签署合同并支付
[2023-01-12 11:33:27,805] [log.py|__console] [line:45] INFO    : 进行买家合同签署
[2023-01-12 11:33:30,526] [log.py|__console] [line:45] INFO    : 进入合同签署
[2023-01-12 11:33:44,019] [log.py|__console] [line:45] INFO    : 退出签署中
[2023-01-12 11:33:45,019] [log.py|__console] [line:45] INFO    : 签署成功
[2023-01-12 11:33:46,203] [log.py|__console] [line:45] INFO    : 进行买家订单支付
[2023-01-12 11:33:50,726] [log.py|__console] [line:45] INFO    : 原料订单支付成功
[2023-01-12 11:33:50,809] [log.py|__console] [line:45] INFO    : 进行自提信息填写
[2023-01-12 11:33:50,809] [log.py|__console] [line:45] INFO    : 当前下单次数 : 8  预计下单次数: 10
[2023-01-12 11:33:50,810] [log.py|__console] [line:45] INFO    : ------------------------------------------------
[2023-01-12 11:33:59,668] [log.py|__console] [line:45] INFO    : 进行自提方式_款到发货
[2023-01-12 11:34:01,201] [log.py|__console] [line:45] INFO    : 金额判断一致  _________ 实付款  100.00 == 单价  100.00 * 数量  1
[2023-01-12 11:34:05,712] [log.py|__console] [line:45] INFO    : 订单提交成功
[2023-01-12 11:34:05,929] [log.py|__console] [line:45] INFO    : 下单完毕
[2023-01-12 11:34:05,930] [log.py|__console] [line:45] INFO    : 进行买卖家签署支付发货收货
[2023-01-12 11:34:05,931] [log.py|__console] [line:45] INFO    : ------------------------------------------------
[2023-01-12 11:34:05,931] [log.py|__console] [line:45] INFO    : 进入卖家生成签署合同
[2023-01-12 11:34:10,716] [log.py|__console] [line:45] INFO    : 进入合同签署
[2023-01-12 11:34:24,328] [log.py|__console] [line:45] INFO    : 退出签署中
[2023-01-12 11:34:25,337] [log.py|__console] [line:45] INFO    : 签署成功
[2023-01-12 11:34:25,545] [log.py|__console] [line:45] INFO    : ------------------------------------------------
[2023-01-12 11:34:25,546] [log.py|__console] [line:45] INFO    : 进入买家签署合同并支付
[2023-01-12 11:34:25,743] [log.py|__console] [line:45] INFO    : 进行买家合同签署
[2023-01-12 11:34:28,625] [log.py|__console] [line:45] INFO    : 进入合同签署
[2023-01-12 11:34:42,374] [log.py|__console] [line:45] INFO    : 退出签署中
[2023-01-12 11:34:43,376] [log.py|__console] [line:45] INFO    : 签署成功
[2023-01-12 11:34:44,736] [log.py|__console] [line:45] INFO    : 进行买家订单支付
[2023-01-12 11:34:49,086] [log.py|__console] [line:45] INFO    : 原料订单支付成功
[2023-01-12 11:34:49,506] [log.py|__console] [line:45] INFO    : 进行自提信息填写
[2023-01-12 11:34:49,506] [log.py|__console] [line:45] INFO    : 当前下单次数 : 9  预计下单次数: 10
[2023-01-12 11:34:49,506] [log.py|__console] [line:45] INFO    : ------------------------------------------------
[2023-01-12 11:34:57,955] [log.py|__console] [line:45] INFO    : 进行自提方式_款到发货
[2023-01-12 11:34:59,637] [log.py|__console] [line:45] INFO    : 金额判断一致  _________ 实付款  100.00 == 单价  100.00 * 数量  1
[2023-01-12 11:35:04,136] [log.py|__console] [line:45] INFO    : 订单提交成功
[2023-01-12 11:35:04,357] [log.py|__console] [line:45] INFO    : 下单完毕
[2023-01-12 11:35:04,359] [log.py|__console] [line:45] INFO    : 进行买卖家签署支付发货收货
[2023-01-12 11:35:04,363] [log.py|__console] [line:45] INFO    : ------------------------------------------------
[2023-01-12 11:35:04,365] [log.py|__console] [line:45] INFO    : 进入卖家生成签署合同
[2023-01-12 11:35:08,374] [log.py|__console] [line:45] INFO    : 进入合同签署
[2023-01-12 11:35:22,042] [log.py|__console] [line:45] INFO    : 退出签署中
[2023-01-12 11:35:23,051] [log.py|__console] [line:45] INFO    : 签署成功
[2023-01-12 11:35:23,256] [log.py|__console] [line:45] INFO    : ------------------------------------------------
[2023-01-12 11:35:23,257] [log.py|__console] [line:45] INFO    : 进入买家签署合同并支付
[2023-01-12 11:35:23,696] [log.py|__console] [line:45] INFO    : 进行买家合同签署
[2023-01-12 11:35:26,500] [log.py|__console] [line:45] INFO    : 进入合同签署
[2023-01-12 11:35:40,298] [log.py|__console] [line:45] INFO    : 退出签署中
[2023-01-12 11:35:41,301] [log.py|__console] [line:45] INFO    : 签署成功
[2023-01-12 11:35:42,599] [log.py|__console] [line:45] INFO    : 进行买家订单支付
[2023-01-12 11:35:46,741] [log.py|__console] [line:45] INFO    : 原料订单支付成功
[2023-01-12 11:35:47,039] [log.py|__console] [line:45] INFO    : 进行自提信息填写
[2023-01-12 11:35:47,039] [log.py|__console] [line:45] INFO    : 当前下单次数 : 10  预计下单次数: 10
[2023-01-12 11:35:47,039] [log.py|__console] [line:45] INFO    : ------------------------------------------------
[2023-01-12 11:35:47,152] [log.py|__console] [line:45] INFO    : 开始时间: 2023-01-12 11:25:23
[2023-01-12 11:35:47,153] [log.py|__console] [line:45] INFO    : 结束时间: 2023-01-12 11:35:47
[2023-01-12 11:35:47,158] [log.py|__console] [line:45] INFO    : 共计使用时间: 0:10:24
